<?xml version="1.0" encoding="UTF-8"?>
<!-- Generated by org.testng.reporters.JUnitReportReporter -->
<testsuite hostname="Parths-MacBook-Pro.local" failures="0" tests="2" name="com.inetBanking.utilities.Reporting" time="0.005" errors="0" timestamp="2021-08-06T20:36:12 EDT" skipped="0">
  <testcase classname="com.inetBanking.utilities.Reporting" name="test1" time="0.004"/>
  <system-out/>
  <testcase classname="com.inetBanking.utilities.Reporting" name="test2" time="0.001"/>
  <system-out/>
</testsuite> <!-- com.inetBanking.utilities.Reporting -->
